Case #1: 0 0
Case #2: 2 0
Case #3: 10 10
Case #4: 5 2
Case #5: 10 10
Case #6: 4 4
Case #7: 10 10
Case #8: 9 2
Case #9: 8 2
Case #10: 10 10
Case #11: 10 6
Case #12: 8 2
Case #13: 5 5
Case #14: 0 0
Case #15: 5 0
Case #16: 10 10
Case #17: 2 0
Case #18: 2 0
Case #19: 1 1
Case #20: 0 0
Case #21: 9 3
Case #22: 3 1
Case #23: 6 1
Case #24: 6 1
Case #25: 6 2
Case #26: 0 0
Case #27: 3 2
Case #28: 10 4
Case #29: 2 1
Case #30: 8 2
Case #31: 2 0
Case #32: 10 10
Case #33: 8 4
Case #34: 8 3
Case #35: 8 8
Case #36: 0 0
Case #37: 2 0
Case #38: 0 0
Case #39: 1 1
Case #40: 8 2
Case #41: 5 2
Case #42: 8 2
Case #43: 7 2
Case #44: 4 1
Case #45: 10 10
Case #46: 2 1
Case #47: 5 3
Case #48: 0 0
Case #49: 7 2
Case #50: 7 0
